{"name": "Register User", "status": "broken", "statusDetails": {"message": "selenium.common.exceptions.TimeoutException: Message: \nStacktrace:\n\tGetHandleVerifier [0x00007FF6EA1E3E62+31618]\n\t(No symbol) [0x00007FF6EA15B0C9]\n\t(No symbol) [0x00007FF6EA01888A]\n\t(No symbol) [0x00007FF6EA068524]\n\t(No symbol) [0x00007FF6EA06862C]\n\t(No symbol) [0x00007FF6EA0AF787]\n\t(No symbol) [0x00007FF6EA08D14F]\n\t(No symbol) [0x00007FF6EA0ACA80]\n\t(No symbol) [0x00007FF6EA08CEB3]\n\t(No symbol) [0x00007FF6EA05A46B]\n\t(No symbol) [0x00007FF6EA05B001]\n\tGetHandleVerifier [0x00007FF6EA4EA03D+3202397]\n\tGetHandleVerifier [0x00007FF6EA536A5D+3516285]\n\tGetHandleVerifier [0x00007FF6EA52C4D0+3473904]\n\tGetHandleVerifier [0x00007FF6EA295D66+760454]\n\t(No symbol) [0x00007FF6EA166B6F]\n\t(No symbol) [0x00007FF6EA161D04]\n\t(No symbol) [0x00007FF6EA161E92]\n\t(No symbol) [0x00007FF6EA15123F]\n\tBaseThreadInitThunk [0x00007FFB239C7344+20]\n\tRtlUserThreadStart [0x00007FFB257026B1+33]", "trace": "self = <tests.test_suite_usuario.TestSuiteLoginRegistro object at 0x00000219BC82D3D0>\n\n    @allure.story(\"Registro de Usuario\")\n    @allure.tag('Test Case: 1')\n    @allure.title(\"Register User\")\n    def test_registro_correcto(self):\n        self.page_home.abrir_pagina()\n        self.page_home.pagina_abierta()\n        self.page_home.click_boton_login_registro()\n        self.page_login_registro.pagina_abierta()\n        self.page_login_registro.introducir_nombre_registro()\n        self.page_login_registro.introducir_email_registro()\n        self.page_login_registro.click_boton_registro()\n        self.page_registro.pagina_abierta()\n>       self.page_registro.rellenar_account_info()\n\ntests\\test_suite_usuario.py:19: \n_ _ _ _ _ _ _ _ _ _ _ _ _ _ _ _ _ _ _ _ _ _ _ _ _ _ _ _ _ _ _ _ _ _ _ _ _ _ _ _ _ _ _ _ _ _ _ _ _ _ _ _ _ _ _ _ _ _ _ _ _ _ _ _ _ _ _ _ _ _ _ _ _ _ _ _ _ _ _ _ _ _ _ _ _ _ _ _ _ _ _ _ _ _ _ _ _ _ _ _ _ _ _ _ _ _ _ _ _ _ _ _ _ _\npages\\page_registro.py:42: in rellenar_account_info\n    self.seleccionar_sexo(self.BOTON_MRS)\npages\\page_base.py:74: in seleccionar_sexo\n    boton_sexo = self.wait.until(EC.presence_of_element_located(locator_sexo))\n_ _ _ _ _ _ _ _ _ _ _ _ _ _ _ _ _ _ _ _ _ _ _ _ _ _ _ _ _ _ _ _ _ _ _ _ _ _ _ _ _ _ _ _ _ _ _ _ _ _ _ _ _ _ _ _ _ _ _ _ _ _ _ _ _ _ _ _ _ _ _ _ _ _ _ _ _ _ _ _ _ _ _ _ _ _ _ _ _ _ _ _ _ _ _ _ _ _ _ _ _ _ _ _ _ _ _ _ _ _ _ _ _ _\n\nself = <selenium.webdriver.support.wait.WebDriverWait (session=\"022e0fd9341b772d938ced273e4ae333\")>, method = <function presence_of_element_located.<locals>._predicate at 0x00000219BC7F5B20>, message = ''\n\n    def until(self, method: Callable[[D], Union[Literal[False], T]], message: str = \"\") -> T:\n        \"\"\"Calls the method provided with the driver as an argument until the \\\n        return value does not evaluate to ``False``.\n    \n        :param method: callable(WebDriver)\n        :param message: optional message for :exc:`TimeoutException`\n        :returns: the result of the last call to `method`\n        :raises: :exc:`selenium.common.exceptions.TimeoutException` if timeout occurs\n        \"\"\"\n        screen = None\n        stacktrace = None\n    \n        end_time = time.monotonic() + self._timeout\n        while True:\n            try:\n                value = method(self._driver)\n                if value:\n                    return value\n            except self._ignored_exceptions as exc:\n                screen = getattr(exc, \"screen\", None)\n                stacktrace = getattr(exc, \"stacktrace\", None)\n            time.sleep(self._poll)\n            if time.monotonic() > end_time:\n                break\n>       raise TimeoutException(message, screen, stacktrace)\nE       selenium.common.exceptions.TimeoutException: Message: \nE       Stacktrace:\nE       \tGetHandleVerifier [0x00007FF6EA1E3E62+31618]\nE       \t(No symbol) [0x00007FF6EA15B0C9]\nE       \t(No symbol) [0x00007FF6EA01888A]\nE       \t(No symbol) [0x00007FF6EA068524]\nE       \t(No symbol) [0x00007FF6EA06862C]\nE       \t(No symbol) [0x00007FF6EA0AF787]\nE       \t(No symbol) [0x00007FF6EA08D14F]\nE       \t(No symbol) [0x00007FF6EA0ACA80]\nE       \t(No symbol) [0x00007FF6EA08CEB3]\nE       \t(No symbol) [0x00007FF6EA05A46B]\nE       \t(No symbol) [0x00007FF6EA05B001]\nE       \tGetHandleVerifier [0x00007FF6EA4EA03D+3202397]\nE       \tGetHandleVerifier [0x00007FF6EA536A5D+3516285]\nE       \tGetHandleVerifier [0x00007FF6EA52C4D0+3473904]\nE       \tGetHandleVerifier [0x00007FF6EA295D66+760454]\nE       \t(No symbol) [0x00007FF6EA166B6F]\nE       \t(No symbol) [0x00007FF6EA161D04]\nE       \t(No symbol) [0x00007FF6EA161E92]\nE       \t(No symbol) [0x00007FF6EA15123F]\nE       \tBaseThreadInitThunk [0x00007FFB239C7344+20]\nE       \tRtlUserThreadStart [0x00007FFB257026B1+33]\n\nC:\\Users\\Jorge\\AppData\\Local\\Programs\\Python\\Python312\\Lib\\site-packages\\selenium\\webdriver\\support\\wait.py:105: TimeoutException"}, "steps": [{"name": "Abrir página https://automationexercise.com/ ", "status": "passed", "start": 1718181284602, "stop": 1718181286203}, {"name": "Página https://automationexercise.com/ abierta", "status": "passed", "start": 1718181286280, "stop": 1718181286315}, {"name": "Click Botón Signup/Login", "status": "passed", "start": 1718181286315, "stop": 1718181288420}, {"name": "Página https://automationexercise.com/login abierta", "status": "passed", "start": 1718181288420, "stop": 1718181288433}, {"name": "Introducir nombre de registro", "status": "passed", "steps": [{"name": "Rellenar con value: 'Steve Watts'", "status": "passed", "parameters": [{"name": "locator", "value": "('css selector', '[data-qa=\"signup-name\"]')"}, {"name": "value", "value": "'Steve Watts'"}], "start": 1718181288433, "stop": 1718181288482}], "start": 1718181288433, "stop": 1718181288482}, {"name": "Introducir email de registro", "status": "passed", "steps": [{"name": "Rellenar con value: 'testmail3381@mail.com'", "status": "passed", "parameters": [{"name": "locator", "value": "('css selector', '[data-qa=\"signup-email\"]')"}, {"name": "value", "value": "'testmail3381@mail.com'"}], "start": 1718181288483, "stop": 1718181288527}], "start": 1718181288483, "stop": 1718181288527}, {"name": "Click Botón Registro", "status": "passed", "start": 1718181288527, "stop": 1718181290465}, {"name": "Página https://automationexercise.com/signup abierta", "status": "passed", "start": 1718181290465, "stop": 1718181290478}, {"name": "Rellenar Account Information", "status": "broken", "statusDetails": {"message": "selenium.common.exceptions.TimeoutException: Message: \nStacktrace:\n\tGetHandleVerifier [0x00007FF6EA1E3E62+31618]\n\t(No symbol) [0x00007FF6EA15B0C9]\n\t(No symbol) [0x00007FF6EA01888A]\n\t(No symbol) [0x00007FF6EA068524]\n\t(No symbol) [0x00007FF6EA06862C]\n\t(No symbol) [0x00007FF6EA0AF787]\n\t(No symbol) [0x00007FF6EA08D14F]\n\t(No symbol) [0x00007FF6EA0ACA80]\n\t(No symbol) [0x00007FF6EA08CEB3]\n\t(No symbol) [0x00007FF6EA05A46B]\n\t(No symbol) [0x00007FF6EA05B001]\n\tGetHandleVerifier [0x00007FF6EA4EA03D+3202397]\n\tGetHandleVerifier [0x00007FF6EA536A5D+3516285]\n\tGetHandleVerifier [0x00007FF6EA52C4D0+3473904]\n\tGetHandleVerifier [0x00007FF6EA295D66+760454]\n\t(No symbol) [0x00007FF6EA166B6F]\n\t(No symbol) [0x00007FF6EA161D04]\n\t(No symbol) [0x00007FF6EA161E92]\n\t(No symbol) [0x00007FF6EA15123F]\n\tBaseThreadInitThunk [0x00007FFB239C7344+20]\n\tRtlUserThreadStart [0x00007FFB257026B1+33]\n\n", "trace": "  File \"C:\\Users\\Jorge\\AppData\\Local\\Programs\\Python\\Python312\\Lib\\site-packages\\allure_commons\\_allure.py\", line 192, in impl\n    return func(*a, **kw)\n           ^^^^^^^^^^^^^^\n  File \"D:\\Cosas Serias\\IT\\Automatizaciones\\POM Automation Exercise\\pages\\page_registro.py\", line 42, in rellenar_account_info\n    self.seleccionar_sexo(self.BOTON_MRS)\n  File \"D:\\Cosas Serias\\IT\\Automatizaciones\\POM Automation Exercise\\pages\\page_base.py\", line 74, in seleccionar_sexo\n    boton_sexo = self.wait.until(EC.presence_of_element_located(locator_sexo))\n                 ^^^^^^^^^^^^^^^^^^^^^^^^^^^^^^^^^^^^^^^^^^^^^^^^^^^^^^^^^^^^^\n  File \"C:\\Users\\Jorge\\AppData\\Local\\Programs\\Python\\Python312\\Lib\\site-packages\\selenium\\webdriver\\support\\wait.py\", line 105, in until\n    raise TimeoutException(message, screen, stacktrace)\n"}, "start": 1718181290478, "stop": 1718181305583}], "attachments": [{"name": "stdout", "source": "95512db3-a1fa-4a71-9a0f-de6454643496-attachment.txt", "type": "text/plain"}], "start": 1718181284602, "stop": 1718181305583, "uuid": "904df04e-6710-48d6-b4a2-533f56c76253", "historyId": "06d75c9cd9767d5d5f3d9f827e52ad92", "testCaseId": "06d75c9cd9767d5d5f3d9f827e52ad92", "fullName": "tests.test_suite_usuario.TestSuiteLoginRegistro#test_registro_correcto", "labels": [{"name": "story", "value": "Registro de Usuario"}, {"name": "tag", "value": "Test Case: 1"}, {"name": "feature", "value": "Funcionalidad Login-Registro"}, {"name": "parentSuite", "value": "tests"}, {"name": "suite", "value": "test_suite_usuario"}, {"name": "subSuite", "value": "TestSuiteLoginRegistro"}, {"name": "host", "value": "Torpedo-Jorgeeerrl"}, {"name": "thread", "value": "28576-MainThread"}, {"name": "framework", "value": "pytest"}, {"name": "language", "value": "cpython3"}, {"name": "package", "value": "tests.test_suite_usuario"}]}