{"name": "Login User with correct email and password", "status": "broken", "statusDetails": {"message": "selenium.common.exceptions.TimeoutException: Message: \nStacktrace:\n\tGetHandleVerifier [0x00007FF6EA1E3E62+31618]\n\t(No symbol) [0x00007FF6EA15B0C9]\n\t(No symbol) [0x00007FF6EA01888A]\n\t(No symbol) [0x00007FF6EA068524]\n\t(No symbol) [0x00007FF6EA06862C]\n\t(No symbol) [0x00007FF6EA0AF787]\n\t(No symbol) [0x00007FF6EA08D14F]\n\t(No symbol) [0x00007FF6EA0ACA80]\n\t(No symbol) [0x00007FF6EA08CEB3]\n\t(No symbol) [0x00007FF6EA05A46B]\n\t(No symbol) [0x00007FF6EA05B001]\n\tGetHandleVerifier [0x00007FF6EA4EA03D+3202397]\n\tGetHandleVerifier [0x00007FF6EA536A5D+3516285]\n\tGetHandleVerifier [0x00007FF6EA52C4D0+3473904]\n\tGetHandleVerifier [0x00007FF6EA295D66+760454]\n\t(No symbol) [0x00007FF6EA166B6F]\n\t(No symbol) [0x00007FF6EA161D04]\n\t(No symbol) [0x00007FF6EA161E92]\n\t(No symbol) [0x00007FF6EA15123F]\n\tBaseThreadInitThunk [0x00007FFB239C7344+20]\n\tRtlUserThreadStart [0x00007FFB257026B1+33]", "trace": "self = <tests.test_suite_usuario.TestSuiteLoginRegistro object at 0x00000219BC82D580>\n\n    @allure.story(\"Login Usuario\")\n    @allure.tag('Test Case: 2')\n    @allure.title(\"Login User with correct email and password\")\n    def test_login_correcto(self):\n>       self.registrar_cuenta()\n\ntests\\test_suite_usuario.py:38: \n_ _ _ _ _ _ _ _ _ _ _ _ _ _ _ _ _ _ _ _ _ _ _ _ _ _ _ _ _ _ _ _ _ _ _ _ _ _ _ _ _ _ _ _ _ _ _ _ _ _ _ _ _ _ _ _ _ _ _ _ _ _ _ _ _ _ _ _ _ _ _ _ _ _ _ _ _ _ _ _ _ _ _ _ _ _ _ _ _ _ _ _ _ _ _ _ _ _ _ _ _ _ _ _ _ _ _ _ _ _ _ _ _ _\ntests\\test_base.py:83: in registrar_cuenta\n    self.page_registro.rellenar_account_info()\npages\\page_registro.py:42: in rellenar_account_info\n    self.seleccionar_sexo(self.BOTON_MRS)\npages\\page_base.py:74: in seleccionar_sexo\n    boton_sexo = self.wait.until(EC.presence_of_element_located(locator_sexo))\n_ _ _ _ _ _ _ _ _ _ _ _ _ _ _ _ _ _ _ _ _ _ _ _ _ _ _ _ _ _ _ _ _ _ _ _ _ _ _ _ _ _ _ _ _ _ _ _ _ _ _ _ _ _ _ _ _ _ _ _ _ _ _ _ _ _ _ _ _ _ _ _ _ _ _ _ _ _ _ _ _ _ _ _ _ _ _ _ _ _ _ _ _ _ _ _ _ _ _ _ _ _ _ _ _ _ _ _ _ _ _ _ _ _\n\nself = <selenium.webdriver.support.wait.WebDriverWait (session=\"ed8ddb9ee9ba8270d32764e67ddf2276\")>, method = <function presence_of_element_located.<locals>._predicate at 0x00000219BC61B2E0>, message = ''\n\n    def until(self, method: Callable[[D], Union[Literal[False], T]], message: str = \"\") -> T:\n        \"\"\"Calls the method provided with the driver as an argument until the \\\n        return value does not evaluate to ``False``.\n    \n        :param method: callable(WebDriver)\n        :param message: optional message for :exc:`TimeoutException`\n        :returns: the result of the last call to `method`\n        :raises: :exc:`selenium.common.exceptions.TimeoutException` if timeout occurs\n        \"\"\"\n        screen = None\n        stacktrace = None\n    \n        end_time = time.monotonic() + self._timeout\n        while True:\n            try:\n                value = method(self._driver)\n                if value:\n                    return value\n            except self._ignored_exceptions as exc:\n                screen = getattr(exc, \"screen\", None)\n                stacktrace = getattr(exc, \"stacktrace\", None)\n            time.sleep(self._poll)\n            if time.monotonic() > end_time:\n                break\n>       raise TimeoutException(message, screen, stacktrace)\nE       selenium.common.exceptions.TimeoutException: Message: \nE       Stacktrace:\nE       \tGetHandleVerifier [0x00007FF6EA1E3E62+31618]\nE       \t(No symbol) [0x00007FF6EA15B0C9]\nE       \t(No symbol) [0x00007FF6EA01888A]\nE       \t(No symbol) [0x00007FF6EA068524]\nE       \t(No symbol) [0x00007FF6EA06862C]\nE       \t(No symbol) [0x00007FF6EA0AF787]\nE       \t(No symbol) [0x00007FF6EA08D14F]\nE       \t(No symbol) [0x00007FF6EA0ACA80]\nE       \t(No symbol) [0x00007FF6EA08CEB3]\nE       \t(No symbol) [0x00007FF6EA05A46B]\nE       \t(No symbol) [0x00007FF6EA05B001]\nE       \tGetHandleVerifier [0x00007FF6EA4EA03D+3202397]\nE       \tGetHandleVerifier [0x00007FF6EA536A5D+3516285]\nE       \tGetHandleVerifier [0x00007FF6EA52C4D0+3473904]\nE       \tGetHandleVerifier [0x00007FF6EA295D66+760454]\nE       \t(No symbol) [0x00007FF6EA166B6F]\nE       \t(No symbol) [0x00007FF6EA161D04]\nE       \t(No symbol) [0x00007FF6EA161E92]\nE       \t(No symbol) [0x00007FF6EA15123F]\nE       \tBaseThreadInitThunk [0x00007FFB239C7344+20]\nE       \tRtlUserThreadStart [0x00007FFB257026B1+33]\n\nC:\\Users\\Jorge\\AppData\\Local\\Programs\\Python\\Python312\\Lib\\site-packages\\selenium\\webdriver\\support\\wait.py:105: TimeoutException"}, "steps": [{"name": "Abrir página https://automationexercise.com/ ", "status": "passed", "start": 1718181309537, "stop": 1718181311241}, {"name": "Página https://automationexercise.com/ abierta", "status": "passed", "start": 1718181311316, "stop": 1718181311330}, {"name": "Click Botón Signup/Login", "status": "passed", "start": 1718181311330, "stop": 1718181312840}, {"name": "Página https://automationexercise.com/login abierta", "status": "passed", "start": 1718181312840, "stop": 1718181312851}, {"name": "Introducir nombre de registro", "status": "passed", "steps": [{"name": "Rellenar con value: 'Steve Watts'", "status": "passed", "parameters": [{"name": "locator", "value": "('css selector', '[data-qa=\"signup-name\"]')"}, {"name": "value", "value": "'Steve Watts'"}], "start": 1718181312851, "stop": 1718181312901}], "start": 1718181312851, "stop": 1718181312901}, {"name": "Introducir email de registro", "status": "passed", "steps": [{"name": "Rellenar con value: 'testmail3381@mail.com'", "status": "passed", "parameters": [{"name": "locator", "value": "('css selector', '[data-qa=\"signup-email\"]')"}, {"name": "value", "value": "'testmail3381@mail.com'"}], "start": 1718181312902, "stop": 1718181312946}], "start": 1718181312901, "stop": 1718181312946}, {"name": "Click Botón Registro", "status": "passed", "start": 1718181312946, "stop": 1718181313984}, {"name": "Página https://automationexercise.com/signup abierta", "status": "passed", "start": 1718181313984, "stop": 1718181313997}, {"name": "Rellenar Account Information", "status": "broken", "statusDetails": {"message": "selenium.common.exceptions.TimeoutException: Message: \nStacktrace:\n\tGetHandleVerifier [0x00007FF6EA1E3E62+31618]\n\t(No symbol) [0x00007FF6EA15B0C9]\n\t(No symbol) [0x00007FF6EA01888A]\n\t(No symbol) [0x00007FF6EA068524]\n\t(No symbol) [0x00007FF6EA06862C]\n\t(No symbol) [0x00007FF6EA0AF787]\n\t(No symbol) [0x00007FF6EA08D14F]\n\t(No symbol) [0x00007FF6EA0ACA80]\n\t(No symbol) [0x00007FF6EA08CEB3]\n\t(No symbol) [0x00007FF6EA05A46B]\n\t(No symbol) [0x00007FF6EA05B001]\n\tGetHandleVerifier [0x00007FF6EA4EA03D+3202397]\n\tGetHandleVerifier [0x00007FF6EA536A5D+3516285]\n\tGetHandleVerifier [0x00007FF6EA52C4D0+3473904]\n\tGetHandleVerifier [0x00007FF6EA295D66+760454]\n\t(No symbol) [0x00007FF6EA166B6F]\n\t(No symbol) [0x00007FF6EA161D04]\n\t(No symbol) [0x00007FF6EA161E92]\n\t(No symbol) [0x00007FF6EA15123F]\n\tBaseThreadInitThunk [0x00007FFB239C7344+20]\n\tRtlUserThreadStart [0x00007FFB257026B1+33]\n\n", "trace": "  File \"C:\\Users\\Jorge\\AppData\\Local\\Programs\\Python\\Python312\\Lib\\site-packages\\allure_commons\\_allure.py\", line 192, in impl\n    return func(*a, **kw)\n           ^^^^^^^^^^^^^^\n  File \"D:\\Cosas Serias\\IT\\Automatizaciones\\POM Automation Exercise\\pages\\page_registro.py\", line 42, in rellenar_account_info\n    self.seleccionar_sexo(self.BOTON_MRS)\n  File \"D:\\Cosas Serias\\IT\\Automatizaciones\\POM Automation Exercise\\pages\\page_base.py\", line 74, in seleccionar_sexo\n    boton_sexo = self.wait.until(EC.presence_of_element_located(locator_sexo))\n                 ^^^^^^^^^^^^^^^^^^^^^^^^^^^^^^^^^^^^^^^^^^^^^^^^^^^^^^^^^^^^^\n  File \"C:\\Users\\Jorge\\AppData\\Local\\Programs\\Python\\Python312\\Lib\\site-packages\\selenium\\webdriver\\support\\wait.py\", line 105, in until\n    raise TimeoutException(message, screen, stacktrace)\n"}, "start": 1718181313997, "stop": 1718181329098}], "attachments": [{"name": "stdout", "source": "0e8b33a2-8861-4fd4-a09a-949416d18a2b-attachment.txt", "type": "text/plain"}], "start": 1718181309537, "stop": 1718181329098, "uuid": "a356b2bb-b40e-4633-9ce7-f4588757b58d", "historyId": "af509550ebb2391d1dde058e061e1d4b", "testCaseId": "af509550ebb2391d1dde058e061e1d4b", "fullName": "tests.test_suite_usuario.TestSuiteLoginRegistro#test_login_correcto", "labels": [{"name": "tag", "value": "Test Case: 2"}, {"name": "story", "value": "Login Usuario"}, {"name": "feature", "value": "Funcionalidad Login-Registro"}, {"name": "parentSuite", "value": "tests"}, {"name": "suite", "value": "test_suite_usuario"}, {"name": "subSuite", "value": "TestSuiteLoginRegistro"}, {"name": "host", "value": "Torpedo-Jorgeeerrl"}, {"name": "thread", "value": "28576-MainThread"}, {"name": "framework", "value": "pytest"}, {"name": "language", "value": "cpython3"}, {"name": "package", "value": "tests.test_suite_usuario"}]}